
> start
> node main.js

Logged in as The Butler#4753!
Created Slash Command phas_spirit_box!
Created Slash Command phas_general!
Created Slash Command phas_ouija_board!
Created Slash Command phas_trig!

> start
> node main.js

Logged in as The Butler#4753!
Created Slash Command phas_spirit_box!
Created Slash Command phas_general!
Created Slash Command phas_ouija_board!
Created Slash Command phas_trig!

> start
> node main.js

Logged in as The Butler#4753!
Created Slash Command phas_spirit_box!
Created Slash Command phas_general!
Created Slash Command phas_ouija_board!
Created Slash Command phas_trig!
